4	227B2EFC97328171
4	408D2022FCDD77C
2	17A53D857DE1E72
2	6139678D16B1D0
2	4A58D9FF0CE7772
3	11D675C97DA58C1
2	563BAEABBEC83F
2	A9EDAB9AA9981E6
3	433699259D79B26
4	1F3C38D0BE78C23
3	74DD02A11397590
3	12ADDD33550F9394
1	53FB4EC9445921D
1	71B97E6EAFC9D43
4	CE293956E8A4636
4	154C9E76C9D8DD5B
1	1669107AD0921E3C
3	EBDB31DB37D6F69
2	1807B79C5E3BDA45
1	2BC45F509E5BB16
4	17EFD6D17121C0EF
3	18931330FF7547E
2	6CCEA5151E2EC17
3	9363694D01F330D
2	277D0385025EC89A
2	122D16D9F6C04950
2	DBA1D25CA141694
4	6FBDD453EBB3B0D
1	1A320914539E0A92
1	11FA3042C8CF5381
3	14E4B724415251A5
1	40A311F59353065
4	4B25B9FB253A063
3	1245E53F32D1EC71
3	9C3EBCF0EE6AA83
3	5700F985FE6B190
1	383561DE054340E8
1	14C8E872BCBF6902
4	62FEB7362629E8E
2	2C70D575D592400
1	36726402A502AD90
4	34B18979ED2CDCE
3	116B92B6D8A29AB7
1	113408F918112897
4	19ECDFB2935C710D
2	2157D7E53146D05
4	C3BD7841DC498C
2	18931330FF7547E
2	74DD02A11397590
2	EBDB31DB37D6F69
3	1FCDBBB7B756764
4	D557E3F57DD795
2	5FD731AF224489F
3	14909BDF9DB4DEE8
4	2A9EC540D4CBF41
3	408D2022FCDD77C
4	15939ED6C19B6B3
3	154C9E76C9D8DD5B
1	227B2EFC97328171
2	5700F985FE6B190
4	35852463FB8B05
2	9C3EBCF0EE6AA83
1	DBA1D25CA141694
3	1F3C38D0BE78C23
1	122D16D9F6C04950
4	9B162EAA7BB0746
2	116B92B6D8A29AB7
2	1245E53F32D1EC71
1	1807B79C5E3BDA45
1	277D0385025EC89A
2	14E4B724415251A5
2	9363694D01F330D
1	6CCEA5151E2EC17
1	2157D7E53146D05
4	894493C3B85E165
3	CE293956E8A4636
4	F5F75DCB4803DB9
3	6FBDD453EBB3B0D
4	1202C3C5D0E1F00A
3	62FEB7362629E8E
3	34B18979ED2CDCE
1	2C70D575D592400
1	17A53D857DE1E72
2	12ADDD33550F9394
3	17EFD6D17121C0EF
4	24DC0034C8A7510
1	6139678D16B1D0
3	4B25B9FB253A063
3	19ECDFB2935C710D
1	4A58D9FF0CE7772
4	418B4BA5413907C
4	433699259D79B26
2	1F3C38D0BE78C23
3	15939ED6C19B6B3
2	408D2022FCDD77C
2	CE293956E8A4636
3	A9EDAB9AA9981E6
2	71B97E6EAFC9D43
3	563BAEABBEC83F
1	5700F985FE6B190
4	895EDA048C80707
3	35852463FB8B05
4	11D675C97DA58C1
1	C3BD7841DC498C
4	211A5BCF7EABEBC
2	34B18979ED2CDCE
4	10D42EA94AF81364
4	16C4102B7EEB7D4E
1	1245E53F32D1EC71
1	9C3EBCF0EE6AA83
2	6FBDD453EBB3B0D
3	2A9EC540D4CBF41
1	14E4B724415251A5
2	4B25B9FB253A063
4	2D26CDC64298CB4
2	17EFD6D17121C0EF
2	62FEB7362629E8E
1	9363694D01F330D
2	19ECDFB2935C710D
1	116B92B6D8A29AB7
4	DFB68DE69726E00
4	8C01003A27F95CC
3	D557E3F57DD795
3	894493C3B85E165
4	1CB7F191356E0D2A
3	418B4BA5413907C
3	9B162EAA7BB0746
3	24DC0034C8A7510
1	12ADDD33550F9394
2	154C9E76C9D8DD5B
4	16E3B5326C5015E4
3	1202C3C5D0E1F00A
1	18931330FF7547E
4	159F6C0C0EEBB6E5
3	F5F75DCB4803DB9
1	EBDB31DB37D6F69
1	74DD02A11397590
2	2A9EC540D4CBF41
4	14909BDF9DB4DEE8
2	35852463FB8B05
4	1FCDBBB7B756764
4	170858FAB4366942
2	227B2EFC97328171
3	5FD731AF224489F
4	798B0E6A9841FBC
3	211A5BCF7EABEBC
3	16C4102B7EEB7D4E
1	11D675C97DA58C1
1	433699259D79B26
3	10D42EA94AF81364
1	34B18979ED2CDCE
2	9B162EAA7BB0746
4	102AD9D7E80B47C2
4	25C6903B5CFB561A
1	17EFD6D17121C0EF
2	418B4BA5413907C
3	895EDA048C80707
1	CE293956E8A4636
1	62FEB7362629E8E
4	9D1EED90241367F
2	894493C3B85E165
2	D557E3F57DD795
2	24DC0034C8A7510
2	F5F75DCB4803DB9
1	4B25B9FB253A063
1	6FBDD453EBB3B0D
4	642FA47B87AD3D8
2	1202C3C5D0E1F00A
4	1EC44BD70ED627
1	19ECDFB2935C710D
4	676680E0E3B276C
3	159F6C0C0EEBB6E5
3	2D26CDC64298CB4
3	16E3B5326C5015E4
2	15939ED6C19B6B3
3	1CB7F191356E0D2A
1	1F3C38D0BE78C23
1	154C9E76C9D8DD5B
4	1618035FD58C0E3
4	228D2A9C4491D63
3	8C01003A27F95CC
1	408D2022FCDD77C
3	DFB68DE69726E00
2	895EDA048C80707
3	1EC44BD70ED627
4	563BAEABBEC83F
2	211A5BCF7EABEBC
4	A9EDAB9AA9981E6
2	16C4102B7EEB7D4E
2	C3BD7841DC498C
3	71B97E6EAFC9D43
2	DFB68DE69726E00
4	14C8E872BCBF6902
1	1FCDBBB7B756764
4	36726402A502AD90
3	102AD9D7E80B47C2
1	14909BDF9DB4DEE8
1	9B162EAA7BB0746
3	170858FAB4366942
4	113408F918112897
2	2D26CDC64298CB4
4	53FB4EC9445921D
1	418B4BA5413907C
4	383561DE054340E8
4	40A311F59353065
1	D557E3F57DD795
1	1202C3C5D0E1F00A
1	894493C3B85E165
2	16E3B5326C5015E4
1	F5F75DCB4803DB9
1	24DC0034C8A7510
2	8C01003A27F95CC
3	25C6903B5CFB561A
2	1CB7F191356E0D2A
2	159F6C0C0EEBB6E5
4	11FA3042C8CF5381
3	798B0E6A9841FBC
4	1A320914539E0A92
4	2BC45F509E5BB16
3	1618035FD58C0E3
3	9D1EED90241367F
2	10D42EA94AF81364
1	2A9EC540D4CBF41
4	1669107AD0921E3C
3	642FA47B87AD3D8
1	15939ED6C19B6B3
3	228D2A9C4491D63
3	676680E0E3B276C
1	35852463FB8B05
2	1EC44BD70ED627
2	798B0E6A9841FBC
4	5FD731AF224489F
2	25C6903B5CFB561A
2	11D675C97DA58C1
2	433699259D79B26
2	676680E0E3B276C
3	227B2EFC97328171
3	40A311F59353065
1	A9EDAB9AA9981E6
4	17A53D857DE1E72
1	563BAEABBEC83F
3	383561DE054340E8
4	4A58D9FF0CE7772
4	6139678D16B1D0
1	2D26CDC64298CB4
2	9D1EED90241367F
4	2C70D575D592400
3	14C8E872BCBF6902
1	159F6C0C0EEBB6E5
4	2157D7E53146D05
3	36726402A502AD90
1	1CB7F191356E0D2A
1	16E3B5326C5015E4
3	113408F918112897
1	DFB68DE69726E00
1	8C01003A27F95CC
2	1618035FD58C0E3
2	228D2A9C4491D63
2	642FA47B87AD3D8
3	11FA3042C8CF5381
4	6CCEA5151E2EC17
3	2BC45F509E5BB16
4	1807B79C5E3BDA45
3	1669107AD0921E3C
3	53FB4EC9445921D
1	895EDA048C80707
2	170858FAB4366942
1	10D42EA94AF81364
2	102AD9D7E80B47C2
3	1A320914539E0A92
1	211A5BCF7EABEBC
4	DBA1D25CA141694
4	122D16D9F6C04950
1	16C4102B7EEB7D4E
4	277D0385025EC89A
2	383561DE054340E8
2	14C8E872BCBF6902
2	36726402A502AD90
2	113408F918112897
2	14909BDF9DB4DEE8
4	71B97E6EAFC9D43
2	1FCDBBB7B756764
4	5700F985FE6B190
3	C3BD7841DC498C
3	2157D7E53146D05
4	18931330FF7547E
1	5FD731AF224489F
3	2C70D575D592400
4	EBDB31DB37D6F69
1	102AD9D7E80B47C2
1	9D1EED90241367F
4	9363694D01F330D
4	74DD02A11397590
3	4A58D9FF0CE7772
2	1669107AD0921E3C
1	1618035FD58C0E3
3	17A53D857DE1E72
4	1245E53F32D1EC71
3	6139678D16B1D0
2	1A320914539E0A92
1	642FA47B87AD3D8
1	676680E0E3B276C
4	12ADDD33550F9394
2	2BC45F509E5BB16
1	228D2A9C4491D63
2	11FA3042C8CF5381
3	122D16D9F6C04950
3	DBA1D25CA141694
3	1807B79C5E3BDA45
4	116B92B6D8A29AB7
4	9C3EBCF0EE6AA83
1	1EC44BD70ED627
1	798B0E6A9841FBC
1	170858FAB4366942
3	277D0385025EC89A
2	53FB4EC9445921D
1	25C6903B5CFB561A
3	6CCEA5151E2EC17
4	14E4B724415251A5
2	40A311F59353065
